<?xml version="1.0" encoding="utf-8"?><testsuites name="pytest tests"><testsuite name="pytest" errors="0" failures="0" skipped="1" tests="48" time="30.768" timestamp="2026-01-30T13:46:23.622533+08:00" hostname="DESKTOP-LL1NKNQ"><testcase classname="tests.test_data" name="test_get_batch" time="0.843" /><testcase classname="tests.test_model" name="test_linear" time="0.194" /><testcase classname="tests.test_model" name="test_embedding" time="0.097" /><testcase classname="tests.test_model" name="test_swiglu" time="0.067" /><testcase classname="tests.test_model" name="test_scaled_dot_product_attention" time="0.116" /><testcase classname="tests.test_model" name="test_4d_scaled_dot_product_attention" time="15.443" /><testcase classname="tests.test_model" name="test_multihead_self_attention" time="0.084" /><testcase classname="tests.test_model" name="test_multihead_self_attention_with_rope" time="0.090" /><testcase classname="tests.test_model" name="test_transformer_lm" time="0.154" /><testcase classname="tests.test_model" name="test_transformer_lm_truncated_input" time="0.086" /><testcase classname="tests.test_model" name="test_transformer_block" time="0.062" /><testcase classname="tests.test_model" name="test_rmsnorm" time="0.058" /><testcase classname="tests.test_model" name="test_rope" time="0.025" /><testcase classname="tests.test_model" name="test_silu_matches_pytorch" time="0.019" /><testcase classname="tests.test_nn_utils" name="test_softmax_matches_pytorch" time="0.028" /><testcase classname="tests.test_nn_utils" name="test_cross_entropy" time="0.038" /><testcase classname="tests.test_nn_utils" name="test_gradient_clipping" time="0.037" /><testcase classname="tests.test_optimizer" name="test_adamw" time="0.468" /><testcase classname="tests.test_optimizer" name="test_get_lr_cosine_schedule" time="0.001" /><testcase classname="tests.test_serialization" name="test_checkpointing" time="0.060" /><testcase classname="tests.test_tokenizer" name="test_roundtrip_empty" time="0.138" /><testcase classname="tests.test_tokenizer" name="test_empty_matches_tiktoken" time="5.151" /><testcase classname="tests.test_tokenizer" name="test_roundtrip_single_character" time="0.114" /><testcase classname="tests.test_tokenizer" name="test_single_character_matches_tiktoken" time="0.114" /><testcase classname="tests.test_tokenizer" name="test_roundtrip_single_unicode_character" time="0.107" /><testcase classname="tests.test_tokenizer" name="test_single_unicode_character_matches_tiktoken" time="0.108" /><testcase classname="tests.test_tokenizer" name="test_roundtrip_ascii_string" time="0.107" /><testcase classname="tests.test_tokenizer" name="test_ascii_string_matches_tiktoken" time="0.111" /><testcase classname="tests.test_tokenizer" name="test_roundtrip_unicode_string" time="0.113" /><testcase classname="tests.test_tokenizer" name="test_unicode_string_matches_tiktoken" time="0.116" /><testcase classname="tests.test_tokenizer" name="test_roundtrip_unicode_string_with_special_tokens" time="0.105" /><testcase classname="tests.test_tokenizer" name="test_unicode_string_with_special_tokens_matches_tiktoken" time="0.109" /><testcase classname="tests.test_tokenizer" name="test_overlapping_special_tokens" time="0.109" /><testcase classname="tests.test_tokenizer" name="test_address_roundtrip" time="0.112" /><testcase classname="tests.test_tokenizer" name="test_address_matches_tiktoken" time="0.103" /><testcase classname="tests.test_tokenizer" name="test_german_roundtrip" time="0.102" /><testcase classname="tests.test_tokenizer" name="test_german_matches_tiktoken" time="0.102" /><testcase classname="tests.test_tokenizer" name="test_tinystories_sample_roundtrip" time="0.106" /><testcase classname="tests.test_tokenizer" name="test_tinystories_matches_tiktoken" time="0.105" /><testcase classname="tests.test_tokenizer" name="test_encode_special_token_trailing_newlines" time="0.107" /><testcase classname="tests.test_tokenizer" name="test_encode_special_token_double_newline_non_whitespace" time="0.107" /><testcase classname="tests.test_tokenizer" name="test_encode_iterable_tinystories_sample_roundtrip" time="0.105" /><testcase classname="tests.test_tokenizer" name="test_encode_iterable_tinystories_matches_tiktoken" time="0.109" /><testcase classname="tests.test_tokenizer" name="test_encode_iterable_memory_usage" time="0.944" /><testcase classname="tests.test_tokenizer" name="test_encode_memory_usage" time="0.296"><skipped type="pytest.xfail" message="Tokenizer.encode is expected to take more memory than allotted (1MB)." /></testcase><testcase classname="tests.test_train_bpe" name="test_train_bpe_speed" time="0.410" /><testcase classname="tests.test_train_bpe" name="test_train_bpe" time="0.423" /><testcase classname="tests.test_train_bpe" name="test_train_bpe_special_tokens" time="0.564" /></testsuite></testsuites>